\BOOKMARK [1][-]{section.1}{\376\377\136\372\152\041\166\356\150\007\116\016\127\372\147\054\140\035\215\357}{}% 1
\BOOKMARK [1][-]{section.2}{\376\377\226\306\124\010\060\001\123\302\145\160\116\016\123\330\221\317}{}% 2
\BOOKMARK [2][-]{subsection.2.1}{\376\377\226\306\124\010}{section.2}% 3
\BOOKMARK [2][-]{subsection.2.2}{\376\377\123\302\145\160}{section.2}% 4
\BOOKMARK [2][-]{subsection.2.3}{\376\377\121\263\173\126\123\330\221\317}{section.2}% 5
\BOOKMARK [1][-]{section.3}{\376\377\145\160\133\146\152\041\127\213}{}% 6
\BOOKMARK [2][-]{subsection.3.1}{\376\377\166\356\150\007\121\375\145\160}{section.3}% 7
\BOOKMARK [2][-]{subsection.3.2}{\376\377\217\146\217\206\133\214\142\020\145\366\225\364\176\246\147\137}{section.3}% 8
\BOOKMARK [2][-]{subsection.3.3}{\376\377\133\314\117\131\123\072\127\337\176\246\147\137}{section.3}% 9
\BOOKMARK [2][-]{subsection.3.4}{\376\377\167\355\177\072\123\072\127\337\176\246\147\137}{section.3}% 10
\BOOKMARK [2][-]{subsection.3.5}{\376\377\217\146\217\206\133\271\221\317\116\016\217\175\221\315\123\330\123\026\176\246\147\137}{section.3}% 11
\BOOKMARK [2][-]{subsection.3.6}{\376\377\215\357\137\204\155\101\136\163\210\141\176\246\147\137}{section.3}% 12
\BOOKMARK [2][-]{subsection.3.7}{\376\377\133\120\126\336\215\357\155\210\226\144\377\032\000M\000T\000Z\000\040\176\246\147\137}{section.3}% 13
\BOOKMARK [1][-]{section.4}{\376\377\152\041\127\213\176\323\147\234\123\357\200\375\116\016\166\356\150\007\116\015\173\046\166\204\230\316\226\151}{}% 14
\BOOKMARK [2][-]{subsection.4.1}{\376\377\230\316\226\151\116\000\377\032\147\103\221\315\213\276\177\156\116\015\137\123\133\374\201\364\120\117\124\021\147\201\172\357\211\343}{section.4}% 15
\BOOKMARK [2][-]{subsection.4.2}{\376\377\230\316\226\151\116\214\377\032\123\352\140\351\177\132\140\073\167\355\177\072\221\317\377\014\123\357\200\375\137\375\211\306\123\072\127\337\121\154\136\163\140\047}{section.4}% 16
\BOOKMARK [2][-]{subsection.4.3}{\376\377\230\316\226\151\116\011\377\032\147\000\131\047\133\214\142\020\145\366\225\364\116\016\140\073\217\320\204\045\145\366\225\364\133\130\127\050\147\103\210\141}{section.4}% 17
\BOOKMARK [2][-]{subsection.4.4}{\376\377\230\316\226\151\126\333\377\032\215\335\171\273\217\321\117\074\123\357\200\375\117\116\117\060\133\236\226\105\147\015\122\241\145\366\225\364}{section.4}% 18
\BOOKMARK [2][-]{subsection.4.5}{\376\377\230\316\226\151\116\224\377\032\210\305\123\170\145\366\225\364\221\307\165\050\176\277\140\047\120\107\213\276\123\357\200\375\217\307\116\216\173\200\123\125}{section.4}% 19
\BOOKMARK [2][-]{subsection.4.6}{\376\377\230\316\226\151\121\155\377\032\121\101\213\270\220\350\122\006\167\355\177\072\147\052\156\341\215\263\123\357\200\375\116\247\165\037\116\015\123\357\143\245\123\327\145\271\150\110}{section.4}% 20
\BOOKMARK [2][-]{subsection.4.7}{\376\377\230\316\226\151\116\003\377\032\217\146\217\206\122\035\131\313\117\115\177\156\124\214\146\057\124\046\217\324\127\072\137\161\124\315\176\323\147\234}{section.4}% 21
\BOOKMARK [2][-]{subsection.4.8}{\376\377\230\316\226\151\121\153\377\032\152\041\127\213\211\304\152\041\217\203\131\047\377\014\154\102\211\343\126\360\226\276}{section.4}% 22
\BOOKMARK [1][-]{section.5}{\376\377\147\015\122\241\154\064\136\163\176\246\147\137\116\016\123\302\145\160\136\372\213\256}{}% 23
\BOOKMARK [1][-]{section.6}{\376\377\176\323\213\272}{}% 24
